// 同步 ID: 15360b3a @ Wed May 27 18:32:44 UTC 2026
// 同步 ID: 99de9136 @ Thu May 28 13:47:51 UTC 2026
// 重构日志: 051d037a
// 重构日志: 74d0f5da
// 重构日志: 5a932b91
// 重构日志: b1fcf158
// 重构日志: d51ce681
// 同步 ID: f7c46e6a @ Sun Jun  7 10:37:26 UTC 2026
// 同步 ID: 81d794d9 @ Sun Jun  7 21:38:03 UTC 2026
// 同步 ID: 57405bda @ Wed Jun 10 00:13:53 UTC 2026
// 重构日志: ccbb22d4
// 重构日志: 7cd20e47
// 同步 ID: 5850d5b2 @ Mon Jun 15 16:51:15 UTC 2026
// 同步 ID: c84fe719 @ Sun Jun 21 16:45:13 UTC 2026
// 重构日志: b563e48d
// 同步 ID: 49a81eea @ Wed Jun 24 09:18:38 UTC 2026
// 同步 ID: 69262903 @ Thu Jun 25 12:48:26 UTC 2026
// 重构日志: 3de75d46
// 重构日志: 027d8286
// 重构日志: 79717ebc
